<?xml version="1.0" encoding="UTF-8"?>
<testsuite name=": About Banistmo" tests="1" skipped="0" failures="1" errors="0" timestamp="2022-02-21T23:42:28" hostname="ASUS" time="23.116">
  <properties/>
  <testcase name="Buscar el documento requerido" classname=": About Banistmo" time="23.116">
    <failure message="java.lang.AssertionError: Expected answer&#10;Expected: is &lt;true&gt;&#10;     but: was &lt;false&gt;" type="java.lang.AssertionError">java.lang.AssertionError: Expected answer
Expected: is &lt;true&gt;
     but: was &lt;false&gt;
	at net.serenitybdd.screenplay.ErrorTally.throwSummaryExceptionFrom(ErrorTally.java:36)
	at net.serenitybdd.screenplay.ErrorTally.reportAnyErrors(ErrorTally.java:30)
	at net.serenitybdd.screenplay.Actor.should(Actor.java:301)
	at co.com.fruiz.sostenibilidad.stepdefinitions.AboutBanistmoStepDefinitions.encuentraYDescargaElPDFDeSostenibilidad(AboutBanistmoStepDefinitions.java:36)
	at ✽.encuentra y descarga el PDF  &quot;https://www.banistmo.com/wps/wcm/connect/www.banistmo.com11237/24e1f142-4bb1-4e59-a9d2-b7fcf56061b6/Generaci%C3%B3n+Sostenible+Edici%C3%B3n+9.compressed.pdf?MOD=AJPERES&amp;CVID=lSAKvcxs&quot; de sostenibilidad(src/test/resources/features/aboutBanistmo.feature:12)
</failure>
  </testcase>
  <system-out><![CDATA[]]></system-out>
  <system-err><![CDATA[[Test worker] WARN net.thucydides.core.steps.BaseStepListener - stepStarted: net.thucydides.core.steps.ExecutedStepDescription@7d8934b6
[Test worker] WARN net.thucydides.core.steps.BaseStepListener - stepStarted: net.thucydides.core.steps.ExecutedStepDescription@4272441d
[Test worker] WARN net.thucydides.core.steps.BaseStepListener - stepStarted: net.thucydides.core.steps.ExecutedStepDescription@21661f80
feb 21, 2022 6:42:29 PM org.openqa.selenium.remote.DesiredCapabilities chrome
INFORMACIÓN: Using `new ChromeOptions()` is preferred to `DesiredCapabilities.chrome()`
[Test worker] INFO net.serenitybdd.core.webdriver.driverproviders.ProvideNewDriver - Instantiating driver
[Test worker] INFO net.serenitybdd.core.webdriver.driverproviders.ProvideNewDriver - Driver capabilities: Capabilities {acceptInsecureCerts: false, browserName: chrome, chrome.switches: --start-maximized, goog:chromeOptions: {args: [--start-maximized], extensions: []}, loggingPrefs: org.openqa.selenium.logging..., platform: ANY, version: }
Starting ChromeDriver 98.0.4758.102 (273bf7ac8c909cde36982d27f66f3c70846a3718-refs/branch-heads/4758@{#1151}) on port 21299
Only local connections are allowed.
Please see https://chromedriver.chromium.org/security-considerations for suggestions on keeping ChromeDriver safe.
ChromeDriver was started successfully.
feb 21, 2022 6:42:31 PM org.openqa.selenium.remote.ProtocolHandshake createSession
INFORMACIÓN: Detected dialect: W3C
[Test worker] WARN net.thucydides.core.steps.BaseStepListener - stepFinished: current outcome:Buscar el documento requerido:Dado que Faber quiere descargar el PDF  "Edición N° 9" de sostenibilidad [Faber open up [Faber opens the Banistmo page]]
[Test worker] WARN net.thucydides.core.steps.BaseStepListener - stepFinished: current outcome:Buscar el documento requerido:Dado que Faber quiere descargar el PDF  "Edición N° 9" de sostenibilidad [Faber open up [Faber opens the Banistmo page]]
[Test worker] WARN net.thucydides.core.steps.BaseStepListener - stepFinished: current outcome:Buscar el documento requerido:Dado que Faber quiere descargar el PDF  "Edición N° 9" de sostenibilidad [Faber open up [Faber opens the Banistmo page]]
[Test worker] WARN net.thucydides.core.steps.BaseStepListener - stepStarted: net.thucydides.core.steps.ExecutedStepDescription@18834b95
[Test worker] WARN net.thucydides.core.steps.BaseStepListener - stepStarted: net.thucydides.core.steps.ExecutedStepDescription@3264e4af
[Test worker] WARN net.thucydides.core.steps.BaseStepListener - stepStarted: net.thucydides.core.steps.ExecutedStepDescription@42d2c31f
[Test worker] WARN net.thucydides.core.steps.BaseStepListener - stepFinished: current outcome:Buscar el documento requerido:Dado que Faber quiere descargar el PDF  "Edición N° 9" de sostenibilidad [Faber open up [Faber opens the Banistmo page]], Cuando busca el documento el PDF  "https://www.banistmo.com/wps/wcm/connect/www.banistmo.com11237/24e1f142-4bb1-4e59-a9d2-b7fcf56061b6/Generaci%C3%B3n+Sostenible+Edici%C3%B3n+9.compressed.pdf?MOD=AJPERES&CVID=lSAKvcx" de sostenibilidad [Faber about us [Faber clicks on OpciÃ³n Acerca de nosotros]]
[Test worker] WARN net.thucydides.core.steps.BaseStepListener - stepStarted: net.thucydides.core.steps.ExecutedStepDescription@ee61d30
[Test worker] WARN net.thucydides.core.steps.BaseStepListener - stepFinished: current outcome:Buscar el documento requerido:Dado que Faber quiere descargar el PDF  "Edición N° 9" de sostenibilidad [Faber open up [Faber opens the Banistmo page]], Cuando busca el documento el PDF  "https://www.banistmo.com/wps/wcm/connect/www.banistmo.com11237/24e1f142-4bb1-4e59-a9d2-b7fcf56061b6/Generaci%C3%B3n+Sostenible+Edici%C3%B3n+9.compressed.pdf?MOD=AJPERES&CVID=lSAKvcx" de sostenibilidad [Faber about us [Faber clicks on OpciÃ³n Acerca de nosotros, Faber clicks on OpciÃ³n de informaciÃ³n corporativa]]
[Test worker] WARN net.thucydides.core.steps.BaseStepListener - stepStarted: net.thucydides.core.steps.ExecutedStepDescription@6143c6f0
[Test worker] WARN net.thucydides.core.steps.BaseStepListener - stepFinished: current outcome:Buscar el documento requerido:Dado que Faber quiere descargar el PDF  "Edición N° 9" de sostenibilidad [Faber open up [Faber opens the Banistmo page]], Cuando busca el documento el PDF  "https://www.banistmo.com/wps/wcm/connect/www.banistmo.com11237/24e1f142-4bb1-4e59-a9d2-b7fcf56061b6/Generaci%C3%B3n+Sostenible+Edici%C3%B3n+9.compressed.pdf?MOD=AJPERES&CVID=lSAKvcx" de sostenibilidad [Faber about us [Faber clicks on OpciÃ³n Acerca de nosotros, Faber clicks on OpciÃ³n de informaciÃ³n corporativa, Faber clicks on OpciÃ³n sostenibilidad]]
[Test worker] WARN net.thucydides.core.steps.BaseStepListener - stepStarted: net.thucydides.core.steps.ExecutedStepDescription@5320dec
[Test worker] WARN net.thucydides.core.steps.BaseStepListener - stepFinished: current outcome:Buscar el documento requerido:Dado que Faber quiere descargar el PDF  "Edición N° 9" de sostenibilidad [Faber open up [Faber opens the Banistmo page]], Cuando busca el documento el PDF  "https://www.banistmo.com/wps/wcm/connect/www.banistmo.com11237/24e1f142-4bb1-4e59-a9d2-b7fcf56061b6/Generaci%C3%B3n+Sostenible+Edici%C3%B3n+9.compressed.pdf?MOD=AJPERES&CVID=lSAKvcx" de sostenibilidad [Faber about us [Faber clicks on OpciÃ³n Acerca de nosotros, Faber clicks on OpciÃ³n de informaciÃ³n corporativa, Faber clicks on OpciÃ³n sostenibilidad, Faber clicks on Opcion para mostrar lista de ediciones de boletines]]
[Test worker] WARN net.thucydides.core.steps.BaseStepListener - stepStarted: net.thucydides.core.steps.ExecutedStepDescription@487eee49
[Test worker] WARN net.thucydides.core.steps.BaseStepListener - stepFinished: current outcome:Buscar el documento requerido:Dado que Faber quiere descargar el PDF  "Edición N° 9" de sostenibilidad [Faber open up [Faber opens the Banistmo page]], Cuando busca el documento el PDF  "https://www.banistmo.com/wps/wcm/connect/www.banistmo.com11237/24e1f142-4bb1-4e59-a9d2-b7fcf56061b6/Generaci%C3%B3n+Sostenible+Edici%C3%B3n+9.compressed.pdf?MOD=AJPERES&CVID=lSAKvcx" de sostenibilidad [Faber about us [Faber clicks on OpciÃ³n Acerca de nosotros, Faber clicks on OpciÃ³n de informaciÃ³n corporativa, Faber clicks on OpciÃ³n sostenibilidad, Faber clicks on Opcion para mostrar lista de ediciones de boletines, Faber clicks on Icono para descargar PDF de la ediciÃ³n NÂ° 9]]
[Test worker] WARN net.thucydides.core.steps.BaseStepListener - stepFinished: current outcome:Buscar el documento requerido:Dado que Faber quiere descargar el PDF  "Edición N° 9" de sostenibilidad [Faber open up [Faber opens the Banistmo page]], Cuando busca el documento el PDF  "https://www.banistmo.com/wps/wcm/connect/www.banistmo.com11237/24e1f142-4bb1-4e59-a9d2-b7fcf56061b6/Generaci%C3%B3n+Sostenible+Edici%C3%B3n+9.compressed.pdf?MOD=AJPERES&CVID=lSAKvcx" de sostenibilidad [Faber about us [Faber clicks on OpciÃ³n Acerca de nosotros, Faber clicks on OpciÃ³n de informaciÃ³n corporativa, Faber clicks on OpciÃ³n sostenibilidad, Faber clicks on Opcion para mostrar lista de ediciones de boletines, Faber clicks on Icono para descargar PDF de la ediciÃ³n NÂ° 9]]
[Test worker] WARN net.thucydides.core.steps.BaseStepListener - stepStarted: net.thucydides.core.steps.ExecutedStepDescription@2e745dd8
[Test worker] WARN net.thucydides.core.steps.BaseStepListener - stepFinished: current outcome:Buscar el documento requerido:Dado que Faber quiere descargar el PDF  "Edición N° 9" de sostenibilidad [Faber open up [Faber opens the Banistmo page]], Cuando busca el documento el PDF  "https://www.banistmo.com/wps/wcm/connect/www.banistmo.com11237/24e1f142-4bb1-4e59-a9d2-b7fcf56061b6/Generaci%C3%B3n+Sostenible+Edici%C3%B3n+9.compressed.pdf?MOD=AJPERES&CVID=lSAKvcx" de sostenibilidad [Faber about us [Faber clicks on OpciÃ³n Acerca de nosotros, Faber clicks on OpciÃ³n de informaciÃ³n corporativa, Faber clicks on OpciÃ³n sostenibilidad, Faber clicks on Opcion para mostrar lista de ediciones de boletines, Faber clicks on Icono para descargar PDF de la ediciÃ³n NÂ° 9], Faber Switching to new Window]
[Test worker] WARN net.thucydides.core.steps.BaseStepListener - stepFinished: current outcome:Buscar el documento requerido:Dado que Faber quiere descargar el PDF  "Edición N° 9" de sostenibilidad [Faber open up [Faber opens the Banistmo page]], Cuando busca el documento el PDF  "https://www.banistmo.com/wps/wcm/connect/www.banistmo.com11237/24e1f142-4bb1-4e59-a9d2-b7fcf56061b6/Generaci%C3%B3n+Sostenible+Edici%C3%B3n+9.compressed.pdf?MOD=AJPERES&CVID=lSAKvcx" de sostenibilidad [Faber about us [Faber clicks on OpciÃ³n Acerca de nosotros, Faber clicks on OpciÃ³n de informaciÃ³n corporativa, Faber clicks on OpciÃ³n sostenibilidad, Faber clicks on Opcion para mostrar lista de ediciones de boletines, Faber clicks on Icono para descargar PDF de la ediciÃ³n NÂ° 9], Faber Switching to new Window]
[Test worker] WARN net.thucydides.core.steps.BaseStepListener - stepStarted: net.thucydides.core.steps.ExecutedStepDescription@2247965f
[Test worker] WARN net.thucydides.core.steps.BaseStepListener - stepStarted: net.thucydides.core.steps.ExecutedStepDescription@4af26002
[Test worker] WARN net.thucydides.core.steps.BaseStepListener - testFinished: Buscar el documento requerido:Dado que Faber quiere descargar el PDF  "Edición N° 9" de sostenibilidad [Faber open up [Faber opens the Banistmo page]], Cuando busca el documento el PDF  "https://www.banistmo.com/wps/wcm/connect/www.banistmo.com11237/24e1f142-4bb1-4e59-a9d2-b7fcf56061b6/Generaci%C3%B3n+Sostenible+Edici%C3%B3n+9.compressed.pdf?MOD=AJPERES&CVID=lSAKvcx" de sostenibilidad [Faber about us [Faber clicks on OpciÃ³n Acerca de nosotros, Faber clicks on OpciÃ³n de informaciÃ³n corporativa, Faber clicks on OpciÃ³n sostenibilidad, Faber clicks on Opcion para mostrar lista de ediciones de boletines, Faber clicks on Icono para descargar PDF de la ediciÃ³n NÂ° 9], Faber Switching to new Window], Entonces encuentra y descarga el PDF  "https://www.banistmo.com/wps/wcm/connect/www.banistmo.com11237/24e1f142-4bb1-4e59-a9d2-b7fcf56061b6/Generaci%C3%B3n+Sostenible+Edici%C3%B3n+9.compressed.pdf?MOD=AJPERES&CVID=lSAKvcxs" de sostenibilidad [Then answer]
[Test worker] WARN net.thucydides.core.steps.BaseStepListener - TestOutcomes: [Buscar el documento requerido:Dado que Faber quiere descargar el PDF  "Edición N° 9" de sostenibilidad [Faber open up [Faber opens the Banistmo page]], Cuando busca el documento el PDF  "https://www.banistmo.com/wps/wcm/connect/www.banistmo.com11237/24e1f142-4bb1-4e59-a9d2-b7fcf56061b6/Generaci%C3%B3n+Sostenible+Edici%C3%B3n+9.compressed.pdf?MOD=AJPERES&CVID=lSAKvcx" de sostenibilidad [Faber about us [Faber clicks on OpciÃ³n Acerca de nosotros, Faber clicks on OpciÃ³n de informaciÃ³n corporativa, Faber clicks on OpciÃ³n sostenibilidad, Faber clicks on Opcion para mostrar lista de ediciones de boletines, Faber clicks on Icono para descargar PDF de la ediciÃ³n NÂ° 9], Faber Switching to new Window], Entonces encuentra y descarga el PDF  "https://www.banistmo.com/wps/wcm/connect/www.banistmo.com11237/24e1f142-4bb1-4e59-a9d2-b7fcf56061b6/Generaci%C3%B3n+Sostenible+Edici%C3%B3n+9.compressed.pdf?MOD=AJPERES&CVID=lSAKvcxs" de sostenibilidad [Then answer]]
[Test worker] WARN net.thucydides.core.steps.BaseStepListener - Final testOutcomes: [Buscar el documento requerido:Dado que Faber quiere descargar el PDF  "Edición N° 9" de sostenibilidad [Faber open up [Faber opens the Banistmo page]], Cuando busca el documento el PDF  "https://www.banistmo.com/wps/wcm/connect/www.banistmo.com11237/24e1f142-4bb1-4e59-a9d2-b7fcf56061b6/Generaci%C3%B3n+Sostenible+Edici%C3%B3n+9.compressed.pdf?MOD=AJPERES&CVID=lSAKvcx" de sostenibilidad [Faber about us [Faber clicks on OpciÃ³n Acerca de nosotros, Faber clicks on OpciÃ³n de informaciÃ³n corporativa, Faber clicks on OpciÃ³n sostenibilidad, Faber clicks on Opcion para mostrar lista de ediciones de boletines, Faber clicks on Icono para descargar PDF de la ediciÃ³n NÂ° 9], Faber Switching to new Window], Entonces encuentra y descarga el PDF  "https://www.banistmo.com/wps/wcm/connect/www.banistmo.com11237/24e1f142-4bb1-4e59-a9d2-b7fcf56061b6/Generaci%C3%B3n+Sostenible+Edici%C3%B3n+9.compressed.pdf?MOD=AJPERES&CVID=lSAKvcxs" de sostenibilidad [Then answer]]
[Test worker] ERROR net.thucydides.core.steps.ConsoleLoggingListener - 
           __  _____ _____ ____ _____   _____ _    ___ _     _____ ____  
  _       / / |_   _| ____/ ___|_   _| |  ___/ \  |_ _| |   | ____|  _ \ 
 (_)_____| |    | | |  _| \___ \ | |   | |_ / _ \  | || |   |  _| | | | |
  _|_____| |    | | | |___ ___) || |   |  _/ ___ \ | || |___| |___| |_| |
 (_)     | |    |_| |_____|____/ |_|   |_|/_/   \_\___|_____|_____|____/ 
          \_\                                                            

TEST FAILED: Buscar el documento requerido
--------------------------------------------------------------------------
[Test worker] ERROR net.thucydides.core.steps.ConsoleLoggingListener - TEST FAILED AT STEP Then answer
[Test worker] ERROR net.thucydides.core.steps.ConsoleLoggingListener - Expected answerExpected: is <true> but: was <false>
]]></system-err>
</testsuite>
