<?xml version="1.0" encoding="UTF-8"?>
<testsuite name=": About Banistmo" tests="1" skipped="0" failures="0" errors="0" timestamp="2022-02-24T22:25:09" hostname="CHMEP91BZXF3" time="33.115">
  <properties/>
  <testcase name="Buscar el documento requerido" classname=": About Banistmo" time="33.115"/>
  <system-out><![CDATA[]]></system-out>
  <system-err><![CDATA[[Test worker] WARN net.thucydides.core.steps.BaseStepListener - stepStarted: net.thucydides.core.steps.ExecutedStepDescription@3f4136ae
[Test worker] WARN net.thucydides.core.steps.BaseStepListener - stepStarted: net.thucydides.core.steps.ExecutedStepDescription@3edc6248
[Test worker] WARN net.thucydides.core.steps.BaseStepListener - stepStarted: net.thucydides.core.steps.ExecutedStepDescription@4dea6ac8
feb 24, 2022 5:25:10 PM org.openqa.selenium.remote.DesiredCapabilities chrome
INFORMACIÓN: Using `new ChromeOptions()` is preferred to `DesiredCapabilities.chrome()`
[Test worker] INFO net.serenitybdd.core.webdriver.driverproviders.ProvideNewDriver - Instantiating driver
[Test worker] INFO net.serenitybdd.core.webdriver.driverproviders.ProvideNewDriver - Driver capabilities: Capabilities {acceptInsecureCerts: false, browserName: chrome, chrome.switches: --start-maximized, goog:chromeOptions: {args: [--start-maximized], extensions: []}, loggingPrefs: org.openqa.selenium.logging..., platform: ANY, version: }
Starting ChromeDriver 98.0.4758.102 (273bf7ac8c909cde36982d27f66f3c70846a3718-refs/branch-heads/4758@{#1151}) on port 48164
Only local connections are allowed.
Please see https://chromedriver.chromium.org/security-considerations for suggestions on keeping ChromeDriver safe.
ChromeDriver was started successfully.
feb 24, 2022 5:25:12 PM org.openqa.selenium.remote.ProtocolHandshake createSession
INFORMACIÓN: Detected dialect: W3C
[Test worker] WARN net.thucydides.core.steps.BaseStepListener - stepFinished: current outcome:Buscar el documento requerido:Dado que Faber quiere descargar el PDF  "Edición N° 9" de sostenibilidad [Faber open up [Faber opens the Banistmo page]]
[Test worker] WARN net.thucydides.core.steps.BaseStepListener - stepFinished: current outcome:Buscar el documento requerido:Dado que Faber quiere descargar el PDF  "Edición N° 9" de sostenibilidad [Faber open up [Faber opens the Banistmo page]]
[Test worker] WARN net.thucydides.core.steps.BaseStepListener - stepFinished: current outcome:Buscar el documento requerido:Dado que Faber quiere descargar el PDF  "Edición N° 9" de sostenibilidad [Faber open up [Faber opens the Banistmo page]]
[Test worker] WARN net.thucydides.core.steps.BaseStepListener - stepStarted: net.thucydides.core.steps.ExecutedStepDescription@78018169
[Test worker] WARN net.thucydides.core.steps.BaseStepListener - stepStarted: net.thucydides.core.steps.ExecutedStepDescription@39ce05e7
[Test worker] WARN net.thucydides.core.steps.BaseStepListener - stepStarted: net.thucydides.core.steps.ExecutedStepDescription@26488dcd
[Test worker] WARN net.thucydides.core.steps.BaseStepListener - stepFinished: current outcome:Buscar el documento requerido:Dado que Faber quiere descargar el PDF  "Edición N° 9" de sostenibilidad [Faber open up [Faber opens the Banistmo page]], Cuando busca el documento el PDF  "Edición N° 9" de sostenibilidad [Faber about us [Faber clicks on OpciÃ³n Acerca de nosotros]]
[Test worker] WARN net.thucydides.core.steps.BaseStepListener - stepStarted: net.thucydides.core.steps.ExecutedStepDescription@4c49b2bd
[Test worker] WARN net.thucydides.core.steps.BaseStepListener - stepFinished: current outcome:Buscar el documento requerido:Dado que Faber quiere descargar el PDF  "Edición N° 9" de sostenibilidad [Faber open up [Faber opens the Banistmo page]], Cuando busca el documento el PDF  "Edición N° 9" de sostenibilidad [Faber about us [Faber clicks on OpciÃ³n Acerca de nosotros, Faber clicks on OpciÃ³n de informaciÃ³n corporativa]]
[Test worker] WARN net.thucydides.core.steps.BaseStepListener - stepStarted: net.thucydides.core.steps.ExecutedStepDescription@111a035b
[Test worker] WARN net.thucydides.core.steps.BaseStepListener - stepFinished: current outcome:Buscar el documento requerido:Dado que Faber quiere descargar el PDF  "Edición N° 9" de sostenibilidad [Faber open up [Faber opens the Banistmo page]], Cuando busca el documento el PDF  "Edición N° 9" de sostenibilidad [Faber about us [Faber clicks on OpciÃ³n Acerca de nosotros, Faber clicks on OpciÃ³n de informaciÃ³n corporativa, Faber clicks on OpciÃ³n sostenibilidad]]
[Test worker] WARN net.thucydides.core.steps.BaseStepListener - stepStarted: net.thucydides.core.steps.ExecutedStepDescription@53616af9
[Test worker] WARN net.thucydides.core.steps.BaseStepListener - stepFinished: current outcome:Buscar el documento requerido:Dado que Faber quiere descargar el PDF  "Edición N° 9" de sostenibilidad [Faber open up [Faber opens the Banistmo page]], Cuando busca el documento el PDF  "Edición N° 9" de sostenibilidad [Faber about us [Faber clicks on OpciÃ³n Acerca de nosotros, Faber clicks on OpciÃ³n de informaciÃ³n corporativa, Faber clicks on OpciÃ³n sostenibilidad, Faber clicks on Opcion para mostrar lista de ediciones de boletines]]
[Test worker] WARN net.thucydides.core.steps.BaseStepListener - stepStarted: net.thucydides.core.steps.ExecutedStepDescription@564c8a78
[Test worker] WARN net.thucydides.core.steps.BaseStepListener - stepFinished: current outcome:Buscar el documento requerido:Dado que Faber quiere descargar el PDF  "Edición N° 9" de sostenibilidad [Faber open up [Faber opens the Banistmo page]], Cuando busca el documento el PDF  "Edición N° 9" de sostenibilidad [Faber about us [Faber clicks on OpciÃ³n Acerca de nosotros, Faber clicks on OpciÃ³n de informaciÃ³n corporativa, Faber clicks on OpciÃ³n sostenibilidad, Faber clicks on Opcion para mostrar lista de ediciones de boletines, Faber clicks on Icono para descargar PDF de la ediciÃ³n NÂ° 9]]
[Test worker] WARN net.thucydides.core.steps.BaseStepListener - stepFinished: current outcome:Buscar el documento requerido:Dado que Faber quiere descargar el PDF  "Edición N° 9" de sostenibilidad [Faber open up [Faber opens the Banistmo page]], Cuando busca el documento el PDF  "Edición N° 9" de sostenibilidad [Faber about us [Faber clicks on OpciÃ³n Acerca de nosotros, Faber clicks on OpciÃ³n de informaciÃ³n corporativa, Faber clicks on OpciÃ³n sostenibilidad, Faber clicks on Opcion para mostrar lista de ediciones de boletines, Faber clicks on Icono para descargar PDF de la ediciÃ³n NÂ° 9]]
[Test worker] WARN net.thucydides.core.steps.BaseStepListener - stepStarted: net.thucydides.core.steps.ExecutedStepDescription@6067f5f4
[Test worker] WARN net.thucydides.core.steps.BaseStepListener - stepFinished: current outcome:Buscar el documento requerido:Dado que Faber quiere descargar el PDF  "Edición N° 9" de sostenibilidad [Faber open up [Faber opens the Banistmo page]], Cuando busca el documento el PDF  "Edición N° 9" de sostenibilidad [Faber about us [Faber clicks on OpciÃ³n Acerca de nosotros, Faber clicks on OpciÃ³n de informaciÃ³n corporativa, Faber clicks on OpciÃ³n sostenibilidad, Faber clicks on Opcion para mostrar lista de ediciones de boletines, Faber clicks on Icono para descargar PDF de la ediciÃ³n NÂ° 9], Faber Switching to new Window]
[Test worker] WARN net.thucydides.core.steps.BaseStepListener - stepFinished: current outcome:Buscar el documento requerido:Dado que Faber quiere descargar el PDF  "Edición N° 9" de sostenibilidad [Faber open up [Faber opens the Banistmo page]], Cuando busca el documento el PDF  "Edición N° 9" de sostenibilidad [Faber about us [Faber clicks on OpciÃ³n Acerca de nosotros, Faber clicks on OpciÃ³n de informaciÃ³n corporativa, Faber clicks on OpciÃ³n sostenibilidad, Faber clicks on Opcion para mostrar lista de ediciones de boletines, Faber clicks on Icono para descargar PDF de la ediciÃ³n NÂ° 9], Faber Switching to new Window]
[Test worker] WARN net.thucydides.core.steps.BaseStepListener - stepStarted: net.thucydides.core.steps.ExecutedStepDescription@490562d5
[Test worker] WARN net.thucydides.core.steps.BaseStepListener - stepStarted: net.thucydides.core.steps.ExecutedStepDescription@3183284b
[Test worker] WARN net.thucydides.core.steps.BaseStepListener - stepFinished: current outcome:Buscar el documento requerido:Dado que Faber quiere descargar el PDF  "Edición N° 9" de sostenibilidad [Faber open up [Faber opens the Banistmo page]], Cuando busca el documento el PDF  "Edición N° 9" de sostenibilidad [Faber about us [Faber clicks on OpciÃ³n Acerca de nosotros, Faber clicks on OpciÃ³n de informaciÃ³n corporativa, Faber clicks on OpciÃ³n sostenibilidad, Faber clicks on Opcion para mostrar lista de ediciones de boletines, Faber clicks on Icono para descargar PDF de la ediciÃ³n NÂ° 9], Faber Switching to new Window], Entonces encuentra y descarga el PDF  https://www.banistmo.com/wps/wcm/connect/www.banistmo.com11237/24e1f142-4bb1-4e59-a9d2-b7fcf56061b6/Generaci%C3%B3n+Sostenible+Edici%C3%B3n+9.compressed.pdf?MOD=AJPERES&CVID=lSAKvcx de sostenibilidad [Then answer]
[Test worker] WARN net.thucydides.core.steps.BaseStepListener - stepFinished: current outcome:Buscar el documento requerido:Dado que Faber quiere descargar el PDF  "Edición N° 9" de sostenibilidad [Faber open up [Faber opens the Banistmo page]], Cuando busca el documento el PDF  "Edición N° 9" de sostenibilidad [Faber about us [Faber clicks on OpciÃ³n Acerca de nosotros, Faber clicks on OpciÃ³n de informaciÃ³n corporativa, Faber clicks on OpciÃ³n sostenibilidad, Faber clicks on Opcion para mostrar lista de ediciones de boletines, Faber clicks on Icono para descargar PDF de la ediciÃ³n NÂ° 9], Faber Switching to new Window], Entonces encuentra y descarga el PDF  https://www.banistmo.com/wps/wcm/connect/www.banistmo.com11237/24e1f142-4bb1-4e59-a9d2-b7fcf56061b6/Generaci%C3%B3n+Sostenible+Edici%C3%B3n+9.compressed.pdf?MOD=AJPERES&CVID=lSAKvcx de sostenibilidad [Then answer]
[Test worker] WARN net.thucydides.core.steps.BaseStepListener - testFinished: Buscar el documento requerido:Dado que Faber quiere descargar el PDF  "Edición N° 9" de sostenibilidad [Faber open up [Faber opens the Banistmo page]], Cuando busca el documento el PDF  "Edición N° 9" de sostenibilidad [Faber about us [Faber clicks on OpciÃ³n Acerca de nosotros, Faber clicks on OpciÃ³n de informaciÃ³n corporativa, Faber clicks on OpciÃ³n sostenibilidad, Faber clicks on Opcion para mostrar lista de ediciones de boletines, Faber clicks on Icono para descargar PDF de la ediciÃ³n NÂ° 9], Faber Switching to new Window], Entonces encuentra y descarga el PDF  https://www.banistmo.com/wps/wcm/connect/www.banistmo.com11237/24e1f142-4bb1-4e59-a9d2-b7fcf56061b6/Generaci%C3%B3n+Sostenible+Edici%C3%B3n+9.compressed.pdf?MOD=AJPERES&CVID=lSAKvcx de sostenibilidad [Then answer]
[Test worker] WARN net.thucydides.core.steps.BaseStepListener - TestOutcomes: [Buscar el documento requerido:Dado que Faber quiere descargar el PDF  "Edición N° 9" de sostenibilidad [Faber open up [Faber opens the Banistmo page]], Cuando busca el documento el PDF  "Edición N° 9" de sostenibilidad [Faber about us [Faber clicks on OpciÃ³n Acerca de nosotros, Faber clicks on OpciÃ³n de informaciÃ³n corporativa, Faber clicks on OpciÃ³n sostenibilidad, Faber clicks on Opcion para mostrar lista de ediciones de boletines, Faber clicks on Icono para descargar PDF de la ediciÃ³n NÂ° 9], Faber Switching to new Window], Entonces encuentra y descarga el PDF  https://www.banistmo.com/wps/wcm/connect/www.banistmo.com11237/24e1f142-4bb1-4e59-a9d2-b7fcf56061b6/Generaci%C3%B3n+Sostenible+Edici%C3%B3n+9.compressed.pdf?MOD=AJPERES&CVID=lSAKvcx de sostenibilidad [Then answer]]
[Test worker] WARN net.thucydides.core.steps.BaseStepListener - Final testOutcomes: [Buscar el documento requerido:Dado que Faber quiere descargar el PDF  "Edición N° 9" de sostenibilidad [Faber open up [Faber opens the Banistmo page]], Cuando busca el documento el PDF  "Edición N° 9" de sostenibilidad [Faber about us [Faber clicks on OpciÃ³n Acerca de nosotros, Faber clicks on OpciÃ³n de informaciÃ³n corporativa, Faber clicks on OpciÃ³n sostenibilidad, Faber clicks on Opcion para mostrar lista de ediciones de boletines, Faber clicks on Icono para descargar PDF de la ediciÃ³n NÂ° 9], Faber Switching to new Window], Entonces encuentra y descarga el PDF  https://www.banistmo.com/wps/wcm/connect/www.banistmo.com11237/24e1f142-4bb1-4e59-a9d2-b7fcf56061b6/Generaci%C3%B3n+Sostenible+Edici%C3%B3n+9.compressed.pdf?MOD=AJPERES&CVID=lSAKvcx de sostenibilidad [Then answer]]
[Test worker] INFO net.thucydides.core.steps.ConsoleLoggingListener - 
        __    _____ _____ ____ _____   ____   _    ____  ____  _____ ____  
  _     \ \  |_   _| ____/ ___|_   _| |  _ \ / \  / ___|/ ___|| ____|  _ \ 
 (_)_____| |   | | |  _| \___ \ | |   | |_) / _ \ \___ \\___ \|  _| | | | |
  _|_____| |   | | | |___ ___) || |   |  __/ ___ \ ___) |___) | |___| |_| |
 (_)     | |   |_| |_____|____/ |_|   |_| /_/   \_\____/|____/|_____|____/ 
        /_/                                                                

TEST PASSED: Buscar el documento requerido
----------------------------------------------------------------------------
]]></system-err>
</testsuite>
