<?xml version="1.0" encoding="UTF-8"?>
<testsuite name=": About Banistmo" tests="1" skipped="0" failures="0" errors="0" timestamp="2022-02-22T19:36:59" hostname="CHMEP91BZXF3" time="51.819">
  <properties/>
  <testcase name="Buscar el documento requerido" classname=": About Banistmo" time="51.819"/>
  <system-out><![CDATA[]]></system-out>
  <system-err><![CDATA[[Test worker] WARN net.thucydides.core.steps.BaseStepListener - stepStarted: net.thucydides.core.steps.ExecutedStepDescription@465cdfaa
[Test worker] WARN net.thucydides.core.steps.BaseStepListener - stepStarted: net.thucydides.core.steps.ExecutedStepDescription@4cc1db1d
[Test worker] WARN net.thucydides.core.steps.BaseStepListener - stepStarted: net.thucydides.core.steps.ExecutedStepDescription@679de439
feb 22, 2022 2:36:59 PM org.openqa.selenium.remote.DesiredCapabilities chrome
INFORMACIÓN: Using `new ChromeOptions()` is preferred to `DesiredCapabilities.chrome()`
[Test worker] INFO net.serenitybdd.core.webdriver.driverproviders.ProvideNewDriver - Instantiating driver
[Test worker] INFO net.serenitybdd.core.webdriver.driverproviders.ProvideNewDriver - Driver capabilities: Capabilities {acceptInsecureCerts: false, browserName: chrome, chrome.switches: --start-maximized, goog:chromeOptions: {args: [--start-maximized], extensions: []}, loggingPrefs: org.openqa.selenium.logging..., platform: ANY, version: }
Starting ChromeDriver 98.0.4758.102 (273bf7ac8c909cde36982d27f66f3c70846a3718-refs/branch-heads/4758@{#1151}) on port 17181
Only local connections are allowed.
Please see https://chromedriver.chromium.org/security-considerations for suggestions on keeping ChromeDriver safe.
ChromeDriver was started successfully.
feb 22, 2022 2:37:02 PM org.openqa.selenium.remote.ProtocolHandshake createSession
INFORMACIÓN: Detected dialect: W3C
[Test worker] WARN net.thucydides.core.steps.BaseStepListener - stepFinished: current outcome:Buscar el documento requerido:Dado que Faber quiere descargar el PDF  "Edición N° 9" de sostenibilidad [Faber open up [Faber opens the Banistmo page]]
[Test worker] WARN net.thucydides.core.steps.BaseStepListener - stepFinished: current outcome:Buscar el documento requerido:Dado que Faber quiere descargar el PDF  "Edición N° 9" de sostenibilidad [Faber open up [Faber opens the Banistmo page]]
[Test worker] WARN net.thucydides.core.steps.BaseStepListener - stepFinished: current outcome:Buscar el documento requerido:Dado que Faber quiere descargar el PDF  "Edición N° 9" de sostenibilidad [Faber open up [Faber opens the Banistmo page]]
[Test worker] WARN net.thucydides.core.steps.BaseStepListener - stepStarted: net.thucydides.core.steps.ExecutedStepDescription@1a7e4180
[Test worker] WARN net.thucydides.core.steps.BaseStepListener - stepStarted: net.thucydides.core.steps.ExecutedStepDescription@e960405
[Test worker] WARN net.thucydides.core.steps.BaseStepListener - stepStarted: net.thucydides.core.steps.ExecutedStepDescription@3f334782
[Test worker] WARN net.thucydides.core.steps.BaseStepListener - stepFinished: current outcome:Buscar el documento requerido:Dado que Faber quiere descargar el PDF  "Edición N° 9" de sostenibilidad [Faber open up [Faber opens the Banistmo page]], Cuando busca el documento el PDF  "Edición N° 9" de sostenibilidad [Faber about us [Faber clicks on OpciÃ³n Acerca de nosotros]]
[Test worker] WARN net.thucydides.core.steps.BaseStepListener - stepStarted: net.thucydides.core.steps.ExecutedStepDescription@2e19dcd9
[Test worker] WARN net.thucydides.core.steps.BaseStepListener - stepFinished: current outcome:Buscar el documento requerido:Dado que Faber quiere descargar el PDF  "Edición N° 9" de sostenibilidad [Faber open up [Faber opens the Banistmo page]], Cuando busca el documento el PDF  "Edición N° 9" de sostenibilidad [Faber about us [Faber clicks on OpciÃ³n Acerca de nosotros, Faber clicks on OpciÃ³n de informaciÃ³n corporativa]]
[Test worker] WARN net.thucydides.core.steps.BaseStepListener - stepStarted: net.thucydides.core.steps.ExecutedStepDescription@7c471550
[Test worker] WARN net.thucydides.core.steps.BaseStepListener - stepFinished: current outcome:Buscar el documento requerido:Dado que Faber quiere descargar el PDF  "Edición N° 9" de sostenibilidad [Faber open up [Faber opens the Banistmo page]], Cuando busca el documento el PDF  "Edición N° 9" de sostenibilidad [Faber about us [Faber clicks on OpciÃ³n Acerca de nosotros, Faber clicks on OpciÃ³n de informaciÃ³n corporativa, Faber clicks on OpciÃ³n sostenibilidad]]
[Test worker] WARN net.thucydides.core.steps.BaseStepListener - stepStarted: net.thucydides.core.steps.ExecutedStepDescription@5db81f1c
[Test worker] WARN net.thucydides.core.steps.BaseStepListener - stepFinished: current outcome:Buscar el documento requerido:Dado que Faber quiere descargar el PDF  "Edición N° 9" de sostenibilidad [Faber open up [Faber opens the Banistmo page]], Cuando busca el documento el PDF  "Edición N° 9" de sostenibilidad [Faber about us [Faber clicks on OpciÃ³n Acerca de nosotros, Faber clicks on OpciÃ³n de informaciÃ³n corporativa, Faber clicks on OpciÃ³n sostenibilidad, Faber clicks on Opcion para mostrar lista de ediciones de boletines]]
[Test worker] WARN net.thucydides.core.steps.BaseStepListener - stepStarted: net.thucydides.core.steps.ExecutedStepDescription@68ad3372
[Test worker] WARN net.thucydides.core.steps.BaseStepListener - stepFinished: current outcome:Buscar el documento requerido:Dado que Faber quiere descargar el PDF  "Edición N° 9" de sostenibilidad [Faber open up [Faber opens the Banistmo page]], Cuando busca el documento el PDF  "Edición N° 9" de sostenibilidad [Faber about us [Faber clicks on OpciÃ³n Acerca de nosotros, Faber clicks on OpciÃ³n de informaciÃ³n corporativa, Faber clicks on OpciÃ³n sostenibilidad, Faber clicks on Opcion para mostrar lista de ediciones de boletines, Faber clicks on Icono para descargar PDF de la ediciÃ³n NÂ° 9]]
[Test worker] WARN net.thucydides.core.steps.BaseStepListener - stepFinished: current outcome:Buscar el documento requerido:Dado que Faber quiere descargar el PDF  "Edición N° 9" de sostenibilidad [Faber open up [Faber opens the Banistmo page]], Cuando busca el documento el PDF  "Edición N° 9" de sostenibilidad [Faber about us [Faber clicks on OpciÃ³n Acerca de nosotros, Faber clicks on OpciÃ³n de informaciÃ³n corporativa, Faber clicks on OpciÃ³n sostenibilidad, Faber clicks on Opcion para mostrar lista de ediciones de boletines, Faber clicks on Icono para descargar PDF de la ediciÃ³n NÂ° 9]]
[Test worker] WARN net.thucydides.core.steps.BaseStepListener - stepStarted: net.thucydides.core.steps.ExecutedStepDescription@455e070c
[Test worker] WARN net.thucydides.core.steps.BaseStepListener - stepFinished: current outcome:Buscar el documento requerido:Dado que Faber quiere descargar el PDF  "Edición N° 9" de sostenibilidad [Faber open up [Faber opens the Banistmo page]], Cuando busca el documento el PDF  "Edición N° 9" de sostenibilidad [Faber about us [Faber clicks on OpciÃ³n Acerca de nosotros, Faber clicks on OpciÃ³n de informaciÃ³n corporativa, Faber clicks on OpciÃ³n sostenibilidad, Faber clicks on Opcion para mostrar lista de ediciones de boletines, Faber clicks on Icono para descargar PDF de la ediciÃ³n NÂ° 9], Faber Switching to new Window]
[Test worker] WARN net.thucydides.core.steps.BaseStepListener - stepFinished: current outcome:Buscar el documento requerido:Dado que Faber quiere descargar el PDF  "Edición N° 9" de sostenibilidad [Faber open up [Faber opens the Banistmo page]], Cuando busca el documento el PDF  "Edición N° 9" de sostenibilidad [Faber about us [Faber clicks on OpciÃ³n Acerca de nosotros, Faber clicks on OpciÃ³n de informaciÃ³n corporativa, Faber clicks on OpciÃ³n sostenibilidad, Faber clicks on Opcion para mostrar lista de ediciones de boletines, Faber clicks on Icono para descargar PDF de la ediciÃ³n NÂ° 9], Faber Switching to new Window]
[Test worker] WARN net.thucydides.core.steps.BaseStepListener - stepStarted: net.thucydides.core.steps.ExecutedStepDescription@5090ab96
[Test worker] WARN net.thucydides.core.steps.BaseStepListener - stepStarted: net.thucydides.core.steps.ExecutedStepDescription@217c9072
[Test worker] WARN net.thucydides.core.steps.BaseStepListener - stepFinished: current outcome:Buscar el documento requerido:Dado que Faber quiere descargar el PDF  "Edición N° 9" de sostenibilidad [Faber open up [Faber opens the Banistmo page]], Cuando busca el documento el PDF  "Edición N° 9" de sostenibilidad [Faber about us [Faber clicks on OpciÃ³n Acerca de nosotros, Faber clicks on OpciÃ³n de informaciÃ³n corporativa, Faber clicks on OpciÃ³n sostenibilidad, Faber clicks on Opcion para mostrar lista de ediciones de boletines, Faber clicks on Icono para descargar PDF de la ediciÃ³n NÂ° 9], Faber Switching to new Window], Entonces encuentra y descarga el PDF  https://www.banistmo.com/wps/wcm/connect/www.banistmo.com11237/24e1f142-4bb1-4e59-a9d2-b7fcf56061b6/Generaci%C3%B3n+Sostenible+Edici%C3%B3n+9.compressed.pdf?MOD=AJPERES&CVID=lSAKvcx de sostenibilidad [Then answer]
[Test worker] WARN net.thucydides.core.steps.BaseStepListener - stepFinished: current outcome:Buscar el documento requerido:Dado que Faber quiere descargar el PDF  "Edición N° 9" de sostenibilidad [Faber open up [Faber opens the Banistmo page]], Cuando busca el documento el PDF  "Edición N° 9" de sostenibilidad [Faber about us [Faber clicks on OpciÃ³n Acerca de nosotros, Faber clicks on OpciÃ³n de informaciÃ³n corporativa, Faber clicks on OpciÃ³n sostenibilidad, Faber clicks on Opcion para mostrar lista de ediciones de boletines, Faber clicks on Icono para descargar PDF de la ediciÃ³n NÂ° 9], Faber Switching to new Window], Entonces encuentra y descarga el PDF  https://www.banistmo.com/wps/wcm/connect/www.banistmo.com11237/24e1f142-4bb1-4e59-a9d2-b7fcf56061b6/Generaci%C3%B3n+Sostenible+Edici%C3%B3n+9.compressed.pdf?MOD=AJPERES&CVID=lSAKvcx de sostenibilidad [Then answer]
[Test worker] WARN net.thucydides.core.steps.BaseStepListener - testFinished: Buscar el documento requerido:Dado que Faber quiere descargar el PDF  "Edición N° 9" de sostenibilidad [Faber open up [Faber opens the Banistmo page]], Cuando busca el documento el PDF  "Edición N° 9" de sostenibilidad [Faber about us [Faber clicks on OpciÃ³n Acerca de nosotros, Faber clicks on OpciÃ³n de informaciÃ³n corporativa, Faber clicks on OpciÃ³n sostenibilidad, Faber clicks on Opcion para mostrar lista de ediciones de boletines, Faber clicks on Icono para descargar PDF de la ediciÃ³n NÂ° 9], Faber Switching to new Window], Entonces encuentra y descarga el PDF  https://www.banistmo.com/wps/wcm/connect/www.banistmo.com11237/24e1f142-4bb1-4e59-a9d2-b7fcf56061b6/Generaci%C3%B3n+Sostenible+Edici%C3%B3n+9.compressed.pdf?MOD=AJPERES&CVID=lSAKvcx de sostenibilidad [Then answer]
[Test worker] WARN net.thucydides.core.steps.BaseStepListener - TestOutcomes: [Buscar el documento requerido:Dado que Faber quiere descargar el PDF  "Edición N° 9" de sostenibilidad [Faber open up [Faber opens the Banistmo page]], Cuando busca el documento el PDF  "Edición N° 9" de sostenibilidad [Faber about us [Faber clicks on OpciÃ³n Acerca de nosotros, Faber clicks on OpciÃ³n de informaciÃ³n corporativa, Faber clicks on OpciÃ³n sostenibilidad, Faber clicks on Opcion para mostrar lista de ediciones de boletines, Faber clicks on Icono para descargar PDF de la ediciÃ³n NÂ° 9], Faber Switching to new Window], Entonces encuentra y descarga el PDF  https://www.banistmo.com/wps/wcm/connect/www.banistmo.com11237/24e1f142-4bb1-4e59-a9d2-b7fcf56061b6/Generaci%C3%B3n+Sostenible+Edici%C3%B3n+9.compressed.pdf?MOD=AJPERES&CVID=lSAKvcx de sostenibilidad [Then answer]]
[Test worker] WARN net.thucydides.core.steps.BaseStepListener - Final testOutcomes: [Buscar el documento requerido:Dado que Faber quiere descargar el PDF  "Edición N° 9" de sostenibilidad [Faber open up [Faber opens the Banistmo page]], Cuando busca el documento el PDF  "Edición N° 9" de sostenibilidad [Faber about us [Faber clicks on OpciÃ³n Acerca de nosotros, Faber clicks on OpciÃ³n de informaciÃ³n corporativa, Faber clicks on OpciÃ³n sostenibilidad, Faber clicks on Opcion para mostrar lista de ediciones de boletines, Faber clicks on Icono para descargar PDF de la ediciÃ³n NÂ° 9], Faber Switching to new Window], Entonces encuentra y descarga el PDF  https://www.banistmo.com/wps/wcm/connect/www.banistmo.com11237/24e1f142-4bb1-4e59-a9d2-b7fcf56061b6/Generaci%C3%B3n+Sostenible+Edici%C3%B3n+9.compressed.pdf?MOD=AJPERES&CVID=lSAKvcx de sostenibilidad [Then answer]]
[Test worker] INFO net.thucydides.core.steps.ConsoleLoggingListener - 
        __    _____ _____ ____ _____   ____   _    ____  ____  _____ ____  
  _     \ \  |_   _| ____/ ___|_   _| |  _ \ / \  / ___|/ ___|| ____|  _ \ 
 (_)_____| |   | | |  _| \___ \ | |   | |_) / _ \ \___ \\___ \|  _| | | | |
  _|_____| |   | | | |___ ___) || |   |  __/ ___ \ ___) |___) | |___| |_| |
 (_)     | |   |_| |_____|____/ |_|   |_| /_/   \_\____/|____/|_____|____/ 
        /_/                                                                

TEST PASSED: Buscar el documento requerido
----------------------------------------------------------------------------
]]></system-err>
</testsuite>
